{"/Users/Soft/work/MastermindGame/server.js": {"path":"/Users/Soft/work/MastermindGame/server.js","statementMap":{"0":{"start":{"line":2,"column":16},"end":{"line":2,"column":34}},"1":{"start":{"line":3,"column":14},"end":{"line":3,"column":30}},"2":{"start":{"line":6,"column":18},"end":{"line":20,"column":1}},"3":{"start":{"line":8,"column":4},"end":{"line":8,"column":91}},"4":{"start":{"line":9,"column":2},"end":{"line":19,"column":7}},"5":{"start":{"line":12,"column":17},"end":{"line":12,"column":30}},"6":{"start":{"line":13,"column":6},"end":{"line":13,"column":30}},"7":{"start":{"line":14,"column":6},"end":{"line":14,"column":17}},"8":{"start":{"line":15,"column":6},"end":{"line":15,"column":33}},"9":{"start":{"line":18,"column":6},"end":{"line":18,"column":23}},"10":{"start":{"line":23,"column":12},"end":{"line":23,"column":21}},"11":{"start":{"line":24,"column":13},"end":{"line":24,"column":17}},"12":{"start":{"line":27,"column":0},"end":{"line":27,"column":39}},"13":{"start":{"line":28,"column":0},"end":{"line":28,"column":24}},"14":{"start":{"line":31,"column":0},"end":{"line":33,"column":3}},"15":{"start":{"line":32,"column":2},"end":{"line":32,"column":43}},"16":{"start":{"line":36,"column":0},"end":{"line":36,"column":34}},"17":{"start":{"line":38,"column":0},"end":{"line":38,"column":21}}},"fnMap":{"0":{"name":"(anonymous_0)","decl":{"start":{"line":6,"column":18},"end":{"line":6,"column":19}},"loc":{"start":{"line":6,"column":32},"end":{"line":20,"column":1}},"line":6},"1":{"name":"(anonymous_1)","decl":{"start":{"line":11,"column":10},"end":{"line":11,"column":11}},"loc":{"start":{"line":11,"column":24},"end":{"line":16,"column":5}},"line":11},"2":{"name":"(anonymous_2)","decl":{"start":{"line":17,"column":11},"end":{"line":17,"column":12}},"loc":{"start":{"line":17,"column":20},"end":{"line":19,"column":5}},"line":17},"3":{"name":"(anonymous_3)","decl":{"start":{"line":31,"column":17},"end":{"line":31,"column":18}},"loc":{"start":{"line":31,"column":31},"end":{"line":33,"column":1}},"line":31}},"branchMap":{},"s":{"0":1,"1":1,"2":1,"3":3,"4":3,"5":3,"6":3,"7":3,"8":3,"9":0,"10":1,"11":1,"12":1,"13":1,"14":1,"15":1,"16":1,"17":1},"f":{"0":3,"1":3,"2":0,"3":1},"b":{},"_coverageSchema":"1a1c01bbd47fc00a2c39e90264f33305004495a9","hash":"d033370b8f89b4c5d3a97741fd30b1c8c4d63f3c"}
}
